{
  "RSpec": {
    "coverage": {
      "/Users/felix/rails/braincode/rails5/tenderscout-api/config/environment.rb": [
        null,
        1,
        null,
        null,
        1
      ],
      "/Users/felix/rails/braincode/rails5/tenderscout-api/config/application.rb": [
        1,
        null,
        1,
        null,
        1,
        1,
        1,
        1,
        1,
        1,
        1,
        null,
        1,
        null,
        null,
        null,
        1,
        null,
        1,
        1,
        null,
        1,
        null,
        1,
        1,
        null,
        null,
        null,
        null,
        null,
        null,
        null,
        null,
        1,
        1,
        1,
        null,
        null
      ],
      "/Users/felix/rails/braincode/rails5/tenderscout-api/config/boot.rb": [
        1,
        null,
        1
      ],
      "/Users/felix/rails/braincode/rails5/tenderscout-api/config/environments/test.rb": [
        1,
        null,
        null,
        null,
        null,
        null,
        null,
        1,
        null,
        null,
        null,
        null,
        1,
        null,
        null,
        1,
        1,
        null,
        null,
        null,
        null,
        1,
        1,
        null,
        null,
        1,
        null,
        null,
        1,
        1,
        null,
        null,
        null,
        null,
        1,
        null,
        null,
        1,
        null,
        null,
        null,
        null
      ],
      "/Users/felix/rails/braincode/rails5/tenderscout-api/config/initializers/active_model_serializers.rb": [
        1
      ],
      "/Users/felix/rails/braincode/rails5/tenderscout-api/config/initializers/application_controller_renderer.rb": [
        null,
        null,
        null,
        null,
        null,
        null,
        null,
        null
      ],
      "/Users/felix/rails/braincode/rails5/tenderscout-api/config/initializers/backtrace_silencers.rb": [
        null,
        null,
        null,
        null,
        null,
        null,
        null
      ],
      "/Users/felix/rails/braincode/rails5/tenderscout-api/config/initializers/carrierwave.rb": [
        1,
        1,
        1,
        null,
        null,
        null,
        null,
        null,
        null,
        1,
        1,
        null
      ],
      "/Users/felix/rails/braincode/rails5/tenderscout-api/config/initializers/cors.rb": [
        null,
        null,
        null,
        null,
        null,
        null,
        null,
        1,
        1,
        1,
        1,
        null,
        null,
        null,
        null
      ],
      "/Users/felix/rails/braincode/rails5/tenderscout-api/config/initializers/devise.rb": [
        null,
        null,
        1,
        1,
        null,
        null,
        null,
        null,
        null,
        null,
        null,
        null,
        null,
        null,
        null,
        1,
        null,
        null,
        null,
        null,
        null,
        null,
        null,
        null,
        null,
        null,
        null,
        1,
        null,
        null,
        null,
        null,
        null,
        null,
        null,
        null,
        null,
        null,
        null,
        null,
        null,
        null,
        null,
        null,
        null,
        null,
        null,
        null,
        null,
        1,
        null,
        null,
        null,
        null,
        1,
        null,
        null,
        null,
        null,
        null,
        null,
        null,
        null,
        null,
        null,
        null,
        null,
        null,
        null,
        null,
        null,
        null,
        null,
        null,
        null,
        null,
        null,
        null,
        null,
        null,
        null,
        null,
        null,
        null,
        null,
        1,
        null,
        null,
        null,
        null,
        null,
        null,
        null,
        null,
        null,
        null,
        null,
        null,
        null,
        null,
        null,
        null,
        null,
        null,
        null,
        null,
        null,
        null,
        1,
        null,
        null,
        null,
        null,
        null,
        null,
        null,
        null,
        null,
        null,
        null,
        null,
        null,
        null,
        null,
        null,
        null,
        null,
        null,
        null,
        null,
        null,
        null,
        null,
        null,
        null,
        null,
        null,
        null,
        null,
        1,
        null,
        null,
        null,
        null,
        null,
        null,
        null,
        null,
        null,
        1,
        null,
        null,
        null,
        null,
        null,
        null,
        null,
        null,
        null,
        null,
        1,
        null,
        null,
        null,
        null,
        1,
        null,
        null,
        null,
        null,
        null,
        null,
        null,
        null,
        null,
        null,
        null,
        null,
        null,
        null,
        null,
        null,
        null,
        null,
        null,
        null,
        null,
        null,
        null,
        null,
        null,
        null,
        null,
        null,
        null,
        null,
        null,
        null,
        null,
        null,
        null,
        null,
        null,
        null,
        null,
        null,
        1,
        null,
        null,
        null,
        null,
        null,
        null,
        null,
        null,
        null,
        null,
        null,
        null,
        null,
        null,
        null,
        null,
        null,
        null,
        null,
        null,
        null,
        null,
        null,
        null,
        null,
        null,
        null,
        null,
        null,
        null,
        null,
        null,
        null,
        null,
        null,
        null,
        null,
        null,
        null,
        null,
        null,
        1,
        null,
        null,
        null,
        null,
        null,
        null,
        null,
        null,
        null,
        null,
        null,
        null,
        null,
        null,
        null,
        null,
        null,
        null,
        null,
        null,
        null,
        null,
        null,
        null,
        null,
        null,
        null,
        null,
        null
      ],
      "/Users/felix/rails/braincode/rails5/tenderscout-api/config/initializers/doorkeeper.rb": [
        1,
        1,
        null,
        1,
        null,
        null,
        null,
        1,
        0,
        null,
        null,
        null,
        null,
        null,
        null,
        null,
        null,
        null,
        null,
        null,
        null,
        null,
        null,
        null,
        null,
        null,
        null,
        null,
        null,
        null,
        null,
        null,
        null,
        null,
        null,
        null,
        null,
        null,
        null,
        null,
        null,
        null,
        null,
        null,
        null,
        null,
        null,
        null,
        null,
        null,
        null,
        null,
        null,
        null,
        null,
        null,
        null,
        null,
        null,
        null,
        null,
        null,
        null,
        null,
        null,
        null,
        null,
        null,
        null,
        null,
        null,
        null,
        null,
        null,
        null,
        null,
        null,
        null,
        null,
        null,
        null,
        null,
        null,
        null,
        null,
        null,
        null,
        null,
        null,
        null,
        null,
        null,
        null,
        null,
        null,
        null,
        null,
        null,
        null,
        null,
        null,
        null,
        null,
        null,
        null,
        null,
        null,
        null,
        null,
        null,
        null,
        null,
        null,
        null,
        null,
        null,
        null,
        null,
        1,
        null,
        null,
        null,
        null,
        null,
        null,
        null,
        null,
        null,
        null,
        null,
        null,
        null,
        null,
        null,
        null,
        null,
        null,
        null,
        null,
        null,
        null
      ],
      "/Users/felix/rails/braincode/rails5/tenderscout-api/config/initializers/filter_parameter_logging.rb": [
        null,
        null,
        null,
        1
      ],
      "/Users/felix/rails/braincode/rails5/tenderscout-api/config/initializers/inflections.rb": [
        null,
        null,
        null,
        null,
        null,
        null,
        null,
        null,
        null,
        null,
        null,
        null,
        null,
        null,
        null,
        null
      ],
      "/Users/felix/rails/braincode/rails5/tenderscout-api/config/initializers/mime_types.rb": [
        null,
        null,
        null,
        null
      ],
      "/Users/felix/rails/braincode/rails5/tenderscout-api/config/initializers/postmark_mailer.rb": [
        1,
        null,
        1,
        1,
        null
      ],
      "/Users/felix/rails/braincode/rails5/tenderscout-api/config/initializers/wrap_parameters.rb": [
        null,
        null,
        null,
        null,
        null,
        null,
        1,
        2,
        null,
        null,
        null,
        null,
        null,
        null
      ],
      "/Users/felix/rails/braincode/rails5/tenderscout-api/config/initializers/zendesk.rb": [
        1,
        1,
        1,
        1,
        null,
        null,
        1,
        null,
        null,
        1,
        null,
        null,
        1,
        null,
        null,
        null,
        null,
        null,
        null,
        null,
        null,
        1,
        null,
        null,
        1,
        1,
        null,
        null,
        null,
        null,
        null,
        null,
        null,
        null,
        null,
        null
      ],
      "/Users/felix/rails/braincode/rails5/tenderscout-api/spec/factories/assistances.rb": [
        1,
        1,
        null,
        null,
        null
      ],
      "/Users/felix/rails/braincode/rails5/tenderscout-api/spec/factories/bidsense_results.rb": [
        1,
        1,
        1,
        1,
        1,
        1,
        1,
        1,
        1,
        1,
        null,
        null
      ],
      "/Users/felix/rails/braincode/rails5/tenderscout-api/spec/factories/collaboration_interests.rb": [
        1,
        1,
        null,
        null,
        null
      ],
      "/Users/felix/rails/braincode/rails5/tenderscout-api/spec/factories/collaborations.rb": [
        1,
        1,
        null,
        null,
        null
      ],
      "/Users/felix/rails/braincode/rails5/tenderscout-api/spec/factories/collaborators.rb": [
        1,
        1,
        null,
        null,
        null
      ],
      "/Users/felix/rails/braincode/rails5/tenderscout-api/spec/factories/compete_answers.rb": [
        1,
        1,
        null,
        null,
        null
      ],
      "/Users/felix/rails/braincode/rails5/tenderscout-api/spec/factories/compete_comments.rb": [
        1,
        1,
        null,
        null,
        null
      ],
      "/Users/felix/rails/braincode/rails5/tenderscout-api/spec/factories/country.rb": [
        1,
        1,
        null,
        1,
        10,
        10,
        10,
        10,
        10,
        10,
        10,
        null,
        null,
        null
      ],
      "/Users/felix/rails/braincode/rails5/tenderscout-api/app/models/core/country.rb": [
        1,
        1,
        1,
        null,
        null,
        1,
        null,
        null,
        null,
        null,
        0,
        null,
        null
      ],
      "/Users/felix/rails/braincode/rails5/tenderscout-api/app/models/application_record.rb": [
        1,
        1,
        null
      ],
      "/Users/felix/rails/braincode/rails5/tenderscout-api/spec/factories/criteria_answers.rb": [
        1,
        1,
        null,
        null,
        null
      ],
      "/Users/felix/rails/braincode/rails5/tenderscout-api/spec/factories/currency.rb": [
        1,
        null,
        1,
        10,
        10,
        10,
        null,
        null,
        null
      ],
      "/Users/felix/rails/braincode/rails5/tenderscout-api/app/models/core/currency.rb": [
        1,
        1,
        null,
        1,
        null,
        null,
        null,
        0,
        null,
        null
      ],
      "/Users/felix/rails/braincode/rails5/tenderscout-api/spec/factories/favourite_monitor.rb": [
        null,
        1,
        1,
        1,
        1,
        null,
        null,
        null
      ],
      "/Users/felix/rails/braincode/rails5/tenderscout-api/spec/factories/industry.rb": [
        1,
        1,
        10,
        null,
        null,
        null
      ],
      "/Users/felix/rails/braincode/rails5/tenderscout-api/spec/factories/marketplace_bid_no_bid_answers.rb": [
        1,
        1,
        1,
        1,
        1,
        null,
        null
      ],
      "/Users/felix/rails/braincode/rails5/tenderscout-api/spec/factories/marketplace_bid_no_bid_questions.rb": [
        1,
        1,
        1,
        1,
        1,
        null,
        null
      ],
      "/Users/felix/rails/braincode/rails5/tenderscout-api/spec/factories/marketplace_compete_bid_no_bid_answers.rb": [
        1,
        1,
        1,
        1,
        1,
        1,
        null,
        null
      ],
      "/Users/felix/rails/braincode/rails5/tenderscout-api/spec/factories/marketplace_tender_award_criteria.rb": [
        1,
        1,
        1,
        1,
        1,
        1,
        null,
        null
      ],
      "/Users/felix/rails/braincode/rails5/tenderscout-api/spec/factories/marketplace_tender_award_criteria_sections.rb": [
        1,
        1,
        1,
        1,
        1,
        null,
        null
      ],
      "/Users/felix/rails/braincode/rails5/tenderscout-api/spec/factories/registration_request.rb": [
        1,
        1,
        1,
        1,
        null,
        null,
        1,
        1,
        1,
        8,
        8,
        8,
        8,
        null,
        8,
        8,
        8,
        8,
        8,
        8,
        8,
        8,
        8,
        8,
        8,
        8,
        8,
        8,
        null,
        null,
        null,
        null,
        null,
        null
      ],
      "/Users/felix/rails/braincode/rails5/tenderscout-api/app/models/core/world_region.rb": [
        1,
        null
      ],
      "/Users/felix/rails/braincode/rails5/tenderscout-api/app/models/registration_request.rb": [
        1,
        1,
        1,
        null
      ],
      "/Users/felix/rails/braincode/rails5/tenderscout-api/spec/factories/search_monitor.rb": [
        null,
        1,
        1,
        1,
        14,
        null,
        null,
        null
      ],
      "/Users/felix/rails/braincode/rails5/tenderscout-api/spec/factories/tender.rb": [
        null,
        1,
        1,
        1,
        1,
        1,
        1,
        1,
        1,
        1,
        null,
        null,
        null
      ],
      "/Users/felix/rails/braincode/rails5/tenderscout-api/app/models/core/tender.rb": [
        null,
        1,
        1,
        null,
        1,
        null,
        1,
        1,
        1,
        1,
        1,
        1,
        1,
        1,
        1,
        1,
        null,
        1,
        1,
        1,
        1,
        1,
        1,
        1,
        1,
        1,
        1,
        1,
        1,
        1,
        1,
        1,
        1,
        1,
        1,
        1,
        1,
        1,
        1,
        1,
        1,
        1,
        1,
        1,
        1,
        1,
        1,
        1,
        1,
        1,
        null,
        1,
        null,
        1,
        1,
        1,
        1,
        null,
        1,
        null,
        null,
        null,
        1,
        0,
        0,
        null,
        null,
        1,
        0,
        null,
        null,
        1,
        0,
        0,
        0,
        0,
        0,
        0,
        0,
        0,
        null,
        null,
        null,
        null,
        null,
        null,
        1,
        0,
        0,
        0,
        0,
        null,
        null,
        null,
        null,
        0,
        null,
        0,
        null,
        null,
        null,
        null,
        0,
        null,
        0,
        null,
        null,
        null,
        null,
        null,
        0,
        null,
        0,
        null,
        null,
        1,
        null,
        null,
        null,
        null,
        1,
        null,
        null,
        0,
        null,
        null,
        null,
        null,
        null,
        null,
        null,
        null,
        0,
        null,
        null,
        null,
        null,
        null,
        null,
        null,
        null,
        null,
        0,
        null,
        null,
        null,
        null,
        null,
        null,
        0,
        null,
        0,
        0,
        0,
        null,
        null,
        null,
        null,
        null,
        0,
        null,
        null,
        null,
        null,
        null,
        0,
        null,
        0,
        0,
        0,
        null,
        null,
        null,
        null,
        null,
        0,
        null,
        null,
        null,
        null,
        null,
        0,
        null,
        0,
        null,
        null,
        1,
        0,
        null,
        null,
        null,
        null,
        1,
        0,
        null,
        null,
        1,
        0,
        null,
        null,
        1,
        0,
        null,
        null,
        1,
        0,
        null,
        null,
        1,
        0,
        null,
        null,
        1,
        0,
        null,
        null,
        1,
        0,
        null,
        null,
        1,
        0,
        null,
        null,
        1,
        0,
        null,
        null,
        1,
        0,
        null,
        null,
        1,
        0,
        null,
        null,
        1,
        0,
        null,
        null,
        1,
        null,
        null,
        null,
        null,
        null,
        null,
        null,
        null,
        null,
        null,
        null,
        null,
        null,
        null,
        null,
        null,
        null,
        null,
        null,
        null,
        0,
        null,
        null,
        null,
        null,
        null,
        null,
        null,
        null,
        0,
        0,
        null,
        null,
        1,
        1,
        0,
        null,
        null
      ],
      "/Users/felix/rails/braincode/rails5/tenderscout-api/app/models/concerns/pageable.rb": [
        1,
        1,
        null,
        1,
        2,
        0,
        null,
        null,
        null
      ],
      "/Users/felix/rails/braincode/rails5/tenderscout-api/spec/factories/tender_task_answers.rb": [
        1,
        1,
        null,
        null,
        null
      ],
      "/Users/felix/rails/braincode/rails5/tenderscout-api/spec/factories/user.rb": [
        null,
        1,
        1,
        44,
        44,
        44,
        44,
        null,
        null,
        1,
        1,
        1,
        1,
        1,
        null,
        null,
        null
      ],
      "/Users/felix/rails/braincode/rails5/tenderscout-api/config/routes.rb": [
        1,
        null,
        null,
        null,
        null,
        null,
        null,
        null,
        null,
        null,
        null,
        null,
        null,
        null,
        1,
        null,
        1,
        1,
        1,
        null,
        1,
        1,
        1,
        null,
        1,
        1,
        1,
        1,
        1,
        null,
        1,
        null,
        null,
        null,
        null,
        1,
        1,
        1,
        1,
        1,
        1,
        1,
        null,
        1,
        1,
        1,
        1,
        null,
        null,
        1,
        1,
        null,
        1,
        1,
        1,
        1,
        1,
        1,
        null,
        null,
        null,
        1,
        1,
        1,
        1,
        null,
        null,
        null,
        1,
        1,
        1,
        null,
        null,
        1,
        1,
        1,
        null,
        null,
        1,
        1,
        1,
        1,
        1,
        null,
        null,
        1,
        1,
        1,
        null,
        null,
        1,
        1,
        1,
        null,
        null,
        null,
        null,
        1,
        null,
        1,
        1,
        1,
        1,
        null,
        1,
        1,
        1,
        1,
        1,
        1,
        null,
        null,
        1,
        1,
        1,
        null,
        null,
        null,
        null,
        1,
        1,
        1,
        1,
        1,
        1,
        1,
        1,
        null,
        1,
        1,
        1,
        1,
        null,
        null,
        1,
        1,
        1,
        1,
        1,
        1,
        null,
        null,
        null,
        1,
        1,
        1,
        1,
        1,
        1,
        1,
        1,
        1,
        1,
        1,
        1,
        null,
        null,
        null,
        null
      ],
      "/Users/felix/rails/braincode/rails5/tenderscout-api/app/models/user.rb": [
        1,
        1,
        null,
        null,
        1,
        null,
        null,
        null,
        1,
        1,
        1,
        1,
        1,
        1,
        null,
        1,
        null,
        1,
        null,
        null,
        null,
        1,
        47,
        null,
        null,
        1,
        0,
        0,
        0,
        null,
        null,
        null,
        null,
        null,
        null,
        null,
        null,
        null,
        0,
        null,
        null,
        null,
        null,
        null,
        null,
        null,
        null,
        null,
        0,
        null,
        0,
        null,
        null,
        null,
        null,
        null,
        null,
        0,
        null,
        null
      ],
      "/Users/felix/rails/braincode/rails5/tenderscout-api/spec/support/database_cleaner.rb": [
        null,
        1,
        null,
        1,
        1,
        1,
        null,
        null,
        1,
        130,
        130,
        null,
        null,
        null,
        null
      ],
      "/Users/felix/rails/braincode/rails5/tenderscout-api/spec/support/factory_bot.rb": [
        1,
        1,
        null
      ],
      "/Users/felix/rails/braincode/rails5/tenderscout-api/spec/support/api_helpers.rb": [
        1,
        1,
        11,
        null,
        null
      ],
      "/Users/felix/rails/braincode/rails5/tenderscout-api/spec/support/controller_macros.rb": [
        1,
        1,
        8,
        13,
        13,
        13,
        null,
        null,
        null
      ],
      "/Users/felix/rails/braincode/rails5/tenderscout-api/app/controllers/v1/marketplace/bid_no_bid_answers_controller.rb": [
        1,
        1,
        null,
        null,
        1,
        0,
        null,
        0,
        null,
        null,
        null,
        1,
        0,
        null,
        null,
        null,
        1,
        0,
        null,
        0,
        0,
        null,
        0,
        null,
        null,
        null,
        null,
        1,
        0,
        0,
        null,
        0,
        null,
        null,
        null,
        null,
        1,
        0,
        null,
        null,
        1,
        null,
        1,
        0,
        null,
        null,
        null,
        1,
        0,
        null,
        null
      ],
      "/Users/felix/rails/braincode/rails5/tenderscout-api/app/controllers/application_controller.rb": [
        1,
        null,
        1,
        null,
        null,
        1,
        null,
        1,
        12,
        null,
        null,
        null,
        null,
        null,
        60,
        null,
        null
      ],
      "/Users/felix/rails/braincode/rails5/tenderscout-api/spec/controllers/marketplace/bid_no_bid_questions_controller_spec.rb": [
        1,
        null,
        null,
        null,
        null,
        null,
        null,
        null,
        null,
        null,
        null,
        null,
        null,
        null,
        null,
        null,
        null,
        null,
        null,
        null,
        null,
        null,
        null,
        null,
        null,
        1,
        null,
        null,
        null,
        null,
        1,
        8,
        null,
        null,
        1,
        1,
        null,
        null,
        null,
        null,
        null,
        1,
        null,
        1,
        1,
        1,
        0,
        0,
        null,
        null,
        null,
        1,
        1,
        1,
        0,
        0,
        null,
        null,
        null,
        1,
        1,
        1,
        1,
        1,
        null,
        null,
        null,
        1,
        null,
        1,
        0,
        0,
        0,
        null,
        null,
        null,
        1,
        1,
        null,
        1,
        0,
        0,
        null,
        null,
        null,
        null,
        1,
        1,
        1,
        0,
        null,
        null,
        1,
        1,
        0,
        0,
        0,
        null,
        null,
        1,
        1,
        null,
        0,
        0,
        0,
        null,
        null,
        null,
        1,
        1,
        1,
        null,
        0,
        0,
        0,
        null,
        null,
        null,
        null,
        1,
        1,
        1,
        0,
        0,
        null,
        null,
        null,
        null,
        null
      ],
      "/Users/felix/rails/braincode/rails5/tenderscout-api/app/controllers/v1/marketplace/bid_no_bid_questions_controller.rb": [
        1,
        1,
        null,
        null,
        1,
        0,
        null,
        0,
        null,
        null,
        null,
        1,
        0,
        null,
        null,
        null,
        1,
        0,
        null,
        0,
        0,
        null,
        0,
        null,
        null,
        null,
        null,
        1,
        0,
        0,
        null,
        0,
        null,
        null,
        null,
        null,
        1,
        0,
        null,
        null,
        1,
        null,
        1,
        0,
        null,
        null,
        null,
        1,
        0,
        null,
        null
      ],
      "/Users/felix/rails/braincode/rails5/tenderscout-api/spec/controllers/marketplace/tender_award_criteria_controller_spec.rb": [
        1,
        null,
        null,
        null,
        null,
        null,
        null,
        null,
        null,
        null,
        null,
        null,
        null,
        null,
        null,
        null,
        null,
        null,
        null,
        null,
        null,
        null,
        null,
        null,
        null,
        1,
        null,
        null,
        null,
        null,
        1,
        8,
        null,
        null,
        1,
        1,
        null,
        null,
        null,
        null,
        null,
        1,
        null,
        1,
        1,
        1,
        0,
        0,
        null,
        null,
        null,
        1,
        1,
        1,
        0,
        0,
        null,
        null,
        null,
        1,
        1,
        1,
        1,
        1,
        null,
        null,
        null,
        1,
        null,
        1,
        0,
        0,
        0,
        null,
        null,
        null,
        1,
        1,
        null,
        1,
        0,
        0,
        null,
        null,
        null,
        null,
        1,
        1,
        1,
        0,
        null,
        null,
        1,
        1,
        0,
        0,
        0,
        null,
        null,
        1,
        1,
        null,
        0,
        0,
        0,
        null,
        null,
        null,
        1,
        1,
        1,
        null,
        0,
        0,
        0,
        null,
        null,
        null,
        null,
        1,
        1,
        1,
        0,
        0,
        null,
        null,
        null,
        null,
        null
      ],
      "/Users/felix/rails/braincode/rails5/tenderscout-api/app/controllers/v1/marketplace/tender_award_criteria_controller.rb": [
        1,
        1,
        1,
        null,
        null,
        1,
        0,
        null,
        0,
        null,
        null,
        null,
        1,
        0,
        null,
        null,
        null,
        1,
        0,
        null,
        0,
        0,
        null,
        0,
        null,
        null,
        null,
        null,
        1,
        0,
        0,
        null,
        0,
        null,
        null,
        null,
        null,
        1,
        0,
        null,
        null,
        1,
        1,
        0,
        null,
        null,
        1,
        0,
        null,
        null,
        null,
        1,
        0,
        null,
        null
      ],
      "/Users/felix/rails/braincode/rails5/tenderscout-api/spec/controllers/marketplace/tender_award_criteria_sections_controller_spec.rb": [
        1,
        null,
        null,
        null,
        null,
        null,
        null,
        null,
        null,
        null,
        null,
        null,
        null,
        null,
        null,
        null,
        null,
        null,
        null,
        null,
        null,
        null,
        null,
        null,
        null,
        1,
        null,
        null,
        null,
        null,
        1,
        8,
        null,
        null,
        1,
        1,
        null,
        null,
        null,
        null,
        null,
        1,
        null,
        1,
        1,
        1,
        0,
        0,
        null,
        null,
        null,
        1,
        1,
        1,
        0,
        0,
        null,
        null,
        null,
        1,
        1,
        1,
        1,
        1,
        null,
        null,
        null,
        1,
        null,
        1,
        0,
        0,
        0,
        null,
        null,
        null,
        1,
        1,
        null,
        1,
        0,
        0,
        null,
        null,
        null,
        null,
        1,
        1,
        1,
        0,
        null,
        null,
        1,
        1,
        0,
        0,
        0,
        null,
        null,
        1,
        1,
        null,
        0,
        0,
        0,
        null,
        null,
        null,
        1,
        1,
        1,
        null,
        0,
        0,
        0,
        null,
        null,
        null,
        null,
        1,
        1,
        1,
        0,
        0,
        null,
        null,
        null,
        null,
        null
      ],
      "/Users/felix/rails/braincode/rails5/tenderscout-api/app/controllers/v1/marketplace/tender_award_criteria_sections_controller.rb": [
        1,
        1,
        1,
        null,
        null,
        1,
        0,
        null,
        0,
        null,
        null,
        null,
        1,
        0,
        null,
        null,
        null,
        1,
        0,
        null,
        0,
        0,
        null,
        0,
        null,
        null,
        null,
        1,
        0,
        0,
        0,
        null,
        0,
        null,
        null,
        null,
        null,
        1,
        0,
        0,
        null,
        0,
        null,
        null,
        null,
        null,
        1,
        0,
        null,
        null,
        1,
        null,
        1,
        0,
        null,
        null,
        1,
        0,
        null,
        null,
        null,
        null,
        1,
        0,
        null,
        null
      ],
      "/Users/felix/rails/braincode/rails5/tenderscout-api/spec/controllers/registration_requests_controller_spec.rb": [
        null,
        1,
        null,
        1,
        null,
        5,
        2,
        3,
        3,
        1,
        null,
        1,
        1,
        1,
        1,
        1,
        null,
        null,
        1,
        1,
        1,
        null,
        null,
        1,
        1,
        1,
        1,
        null,
        null,
        null,
        null,
        null,
        1,
        1,
        1,
        1,
        1,
        1,
        null,
        null,
        1,
        1,
        1,
        null,
        null,
        null,
        1,
        1,
        1,
        1,
        0,
        0,
        null,
        null,
        1,
        1,
        0,
        null,
        null,
        null,
        null,
        1,
        1,
        1,
        1,
        1,
        1,
        1,
        null,
        null,
        1,
        1,
        1,
        null,
        null,
        null,
        null
      ],
      "/Users/felix/rails/braincode/rails5/tenderscout-api/app/controllers/v1/registration_requests_controller.rb": [
        1,
        1,
        1,
        null,
        1,
        3,
        null,
        null,
        1,
        2,
        2,
        2,
        null,
        0,
        null,
        null,
        null,
        1,
        2,
        null,
        null,
        1,
        2,
        0,
        0,
        null,
        0,
        null,
        null,
        null,
        null,
        1,
        4,
        null,
        null,
        null,
        1,
        4,
        null,
        null,
        null,
        null,
        null,
        null,
        null,
        null
      ],
      "/Users/felix/rails/braincode/rails5/tenderscout-api/spec/controllers/search_monitors_controller_spec.rb": [
        null,
        1,
        null,
        1,
        null,
        1,
        null,
        14,
        5,
        14,
        null,
        1,
        null,
        1,
        1,
        1,
        1,
        1,
        1,
        null,
        null,
        1,
        1,
        1,
        null,
        null,
        1,
        1,
        1,
        1,
        null,
        null,
        null,
        null,
        1,
        1,
        1,
        1,
        1,
        1,
        null,
        null,
        1,
        1,
        1,
        null,
        null,
        null,
        1,
        1,
        1,
        1,
        1,
        1,
        null,
        null,
        1,
        1,
        1,
        null,
        null,
        null,
        null,
        1,
        1,
        1,
        1,
        1,
        1,
        null,
        null,
        1,
        1,
        1,
        null,
        null,
        null,
        null,
        1,
        1,
        1,
        1,
        1,
        1,
        1,
        null,
        null,
        null,
        null,
        1,
        1,
        1,
        1,
        1,
        1,
        1,
        null,
        null,
        null,
        null,
        1,
        1,
        1,
        1,
        1,
        null,
        null,
        null,
        null,
        1,
        1,
        1,
        null,
        null,
        null,
        null,
        null,
        null,
        null,
        null
      ],
      "/Users/felix/rails/braincode/rails5/tenderscout-api/app/controllers/v1/search_monitors_controller.rb": [
        1,
        1,
        1,
        null,
        1,
        3,
        null,
        3,
        null,
        null,
        null,
        1,
        2,
        null,
        null,
        1,
        0,
        0,
        null,
        null,
        null,
        null,
        null,
        1,
        0,
        0,
        null,
        null,
        null,
        null,
        null,
        1,
        1,
        null,
        null,
        1,
        0,
        0,
        null,
        0,
        null,
        null,
        null,
        1,
        2,
        null,
        2,
        null,
        null,
        1,
        2,
        null,
        2,
        null,
        null,
        1,
        0,
        0,
        0,
        null,
        null,
        null,
        null,
        null,
        null,
        1,
        1,
        null,
        1,
        1,
        null,
        0,
        null,
        null,
        null,
        null,
        1,
        1,
        1,
        null,
        0,
        null,
        null,
        null,
        null,
        1,
        0,
        null,
        null,
        null,
        1,
        1,
        0,
        0,
        0,
        0,
        0,
        null,
        0,
        0,
        null,
        0,
        null,
        null,
        null,
        null,
        null,
        null,
        0,
        null,
        null,
        0,
        null,
        0,
        null,
        null,
        1,
        8,
        null,
        null,
        null,
        1,
        2,
        null,
        null
      ],
      "/Users/felix/rails/braincode/rails5/tenderscout-api/spec/jobs/bidsense/recalculate_score_job_spec.rb": [
        1,
        null,
        1,
        1,
        null
      ],
      "/Users/felix/rails/braincode/rails5/tenderscout-api/app/lib/bidsense.rb": [
        1,
        null,
        1,
        1,
        1,
        1,
        null,
        null,
        null,
        1,
        0,
        null,
        0,
        0,
        null,
        0,
        null,
        0,
        null,
        0,
        0,
        0,
        0,
        null,
        0,
        null,
        null,
        0,
        0,
        null,
        0,
        null,
        null,
        0,
        0,
        0,
        0,
        0,
        0,
        0,
        0,
        0,
        null,
        0,
        null,
        null,
        0,
        0,
        0,
        null,
        0,
        0,
        0,
        0,
        null,
        0,
        null,
        null,
        null,
        0,
        null,
        null
      ],
      "/Users/felix/rails/braincode/rails5/tenderscout-api/app/jobs/bidsense/recalculate_score_job.rb": [
        1,
        1,
        null,
        1,
        null,
        0,
        0,
        0,
        0,
        0,
        0,
        null,
        0,
        0,
        0,
        null,
        null,
        null,
        null,
        1,
        null,
        1,
        0,
        0,
        0,
        0,
        0,
        0,
        0,
        null,
        null,
        null,
        1,
        0,
        0,
        null,
        null,
        null
      ],
      "/Users/felix/rails/braincode/rails5/tenderscout-api/app/jobs/application_job.rb": [
        1,
        null
      ],
      "/Users/felix/rails/braincode/rails5/tenderscout-api/spec/models/assistance_spec.rb": [
        1,
        null,
        1,
        1,
        null
      ],
      "/Users/felix/rails/braincode/rails5/tenderscout-api/app/models/assistance.rb": [
        1,
        1,
        null,
        1,
        1,
        null
      ],
      "/Users/felix/rails/braincode/rails5/tenderscout-api/spec/models/bidsense_result_spec.rb": [
        1,
        null,
        1,
        1,
        null
      ],
      "/Users/felix/rails/braincode/rails5/tenderscout-api/app/models/bidsense_result.rb": [
        1,
        1,
        1,
        null
      ],
      "/Users/felix/rails/braincode/rails5/tenderscout-api/spec/models/collaboration_interest_spec.rb": [
        1,
        null,
        1,
        1,
        null
      ],
      "/Users/felix/rails/braincode/rails5/tenderscout-api/app/models/collaboration_interest.rb": [
        1,
        1,
        null,
        1,
        1,
        null
      ],
      "/Users/felix/rails/braincode/rails5/tenderscout-api/spec/models/collaboration_spec.rb": [
        1,
        null,
        1,
        1,
        null
      ],
      "/Users/felix/rails/braincode/rails5/tenderscout-api/app/models/collaboration.rb": [
        1,
        null
      ],
      "/Users/felix/rails/braincode/rails5/tenderscout-api/spec/models/collaborator_spec.rb": [
        1,
        null,
        1,
        1,
        null
      ],
      "/Users/felix/rails/braincode/rails5/tenderscout-api/app/models/collaborator.rb": [
        1,
        null
      ],
      "/Users/felix/rails/braincode/rails5/tenderscout-api/spec/models/compete_answer_spec.rb": [
        1,
        null,
        1,
        1,
        null
      ],
      "/Users/felix/rails/braincode/rails5/tenderscout-api/app/models/compete_answer.rb": [
        1,
        1,
        1,
        null
      ],
      "/Users/felix/rails/braincode/rails5/tenderscout-api/spec/models/compete_comment_spec.rb": [
        1,
        null,
        1,
        1,
        null
      ],
      "/Users/felix/rails/braincode/rails5/tenderscout-api/app/models/compete_comment.rb": [
        1,
        1,
        1,
        null,
        1,
        null
      ],
      "/Users/felix/rails/braincode/rails5/tenderscout-api/spec/models/favourite_monitor_spec.rb": [
        1,
        null,
        1,
        null,
        null,
        2,
        2,
        null,
        null,
        2,
        2,
        null,
        null
      ],
      "/Users/felix/rails/braincode/rails5/tenderscout-api/app/models/favourite_monitor.rb": [
        1,
        1,
        1,
        null,
        1,
        null
      ],
      "/Users/felix/rails/braincode/rails5/tenderscout-api/spec/models/marketplace/bid_no_bid_answer_spec.rb": [
        1,
        null,
        1,
        1,
        null
      ],
      "/Users/felix/rails/braincode/rails5/tenderscout-api/app/models/marketplace.rb": [
        1,
        1,
        5,
        null,
        null
      ],
      "/Users/felix/rails/braincode/rails5/tenderscout-api/app/models/marketplace/bid_no_bid_answer.rb": [
        1,
        1,
        1,
        null
      ],
      "/Users/felix/rails/braincode/rails5/tenderscout-api/spec/models/marketplace/bid_no_bid_question_spec.rb": [
        1,
        null,
        1,
        1,
        null
      ],
      "/Users/felix/rails/braincode/rails5/tenderscout-api/app/models/marketplace/bid_no_bid_question.rb": [
        1,
        null,
        1,
        1,
        null,
        1,
        0,
        null,
        null,
        1,
        0,
        null,
        null,
        null
      ],
      "/Users/felix/rails/braincode/rails5/tenderscout-api/spec/models/marketplace/compete/bid_no_bid_answer_spec.rb": [
        1,
        null,
        1,
        1,
        null
      ],
      "/Users/felix/rails/braincode/rails5/tenderscout-api/app/models/marketplace/compete.rb": [
        1,
        1,
        0,
        null,
        null
      ],
      "/Users/felix/rails/braincode/rails5/tenderscout-api/app/models/marketplace/compete/bid_no_bid_answer.rb": [
        1,
        1,
        1,
        1,
        1,
        null
      ],
      "/Users/felix/rails/braincode/rails5/tenderscout-api/spec/models/marketplace/tender_award_criteria_section_spec.rb": [
        1,
        null,
        1,
        1,
        null
      ],
      "/Users/felix/rails/braincode/rails5/tenderscout-api/app/models/marketplace/tender_award_criteria_section.rb": [
        1,
        1,
        1,
        null
      ],
      "/Users/felix/rails/braincode/rails5/tenderscout-api/spec/models/marketplace/tender_award_criterium_spec.rb": [
        1,
        null,
        1,
        1,
        null
      ],
      "/Users/felix/rails/braincode/rails5/tenderscout-api/app/models/marketplace/tender_award_criterium.rb": [
        1,
        1,
        null
      ],
      "/Users/felix/rails/braincode/rails5/tenderscout-api/spec/models/registration_request_spec.rb": [
        1,
        null,
        1,
        null,
        null,
        2,
        2,
        null,
        null
      ],
      "/Users/felix/rails/braincode/rails5/tenderscout-api/spec/models/search_monitor_spec.rb": [
        1,
        null,
        1,
        null,
        null,
        2,
        null,
        null
      ],
      "/Users/felix/rails/braincode/rails5/tenderscout-api/app/models/search_monitor.rb": [
        1,
        1,
        null
      ],
      "/Users/felix/rails/braincode/rails5/tenderscout-api/spec/models/tender_criteria_answer_spec.rb": [
        1,
        null,
        1,
        1,
        null
      ],
      "/Users/felix/rails/braincode/rails5/tenderscout-api/app/models/tender_criteria_answer.rb": [
        1,
        1,
        1,
        null
      ],
      "/Users/felix/rails/braincode/rails5/tenderscout-api/spec/models/tender_spec.rb": [
        1,
        null,
        1,
        null,
        null,
        2,
        2,
        2,
        2,
        2,
        2,
        2,
        2,
        2,
        2,
        2,
        2,
        2,
        2,
        2,
        2,
        2,
        2,
        2,
        2,
        2,
        2,
        2,
        2,
        2,
        2,
        null,
        null
      ],
      "/Users/felix/rails/braincode/rails5/tenderscout-api/spec/models/tender_task_answer_spec.rb": [
        1,
        null,
        1,
        1,
        null
      ],
      "/Users/felix/rails/braincode/rails5/tenderscout-api/app/models/tender_task_answer.rb": [
        1,
        1,
        1,
        null
      ],
      "/Users/felix/rails/braincode/rails5/tenderscout-api/spec/models/user_spec.rb": [
        1,
        null,
        1,
        null,
        null,
        2,
        2,
        2,
        2,
        null,
        null
      ],
      "/Users/felix/rails/braincode/rails5/tenderscout-api/spec/requests/marketplace/compete/marketplace_compete_bid_no_bid_answers_spec.rb": [
        1,
        null,
        1,
        1,
        1,
        1,
        0,
        null,
        null,
        null
      ],
      "/Users/felix/rails/braincode/rails5/tenderscout-api/spec/requests/marketplace/marketplace_bid_no_bid_answers_spec.rb": [
        1,
        null,
        1,
        1,
        1,
        1,
        0,
        null,
        null,
        null
      ],
      "/Users/felix/rails/braincode/rails5/tenderscout-api/spec/requests/marketplace/marketplace_bid_no_bid_questions_spec.rb": [
        1,
        null,
        1,
        1,
        1,
        1,
        0,
        null,
        null,
        null
      ],
      "/Users/felix/rails/braincode/rails5/tenderscout-api/spec/requests/marketplace/marketplace_tender_award_criteria_sections_spec.rb": [
        1,
        null,
        1,
        1,
        1,
        1,
        0,
        null,
        null,
        null
      ],
      "/Users/felix/rails/braincode/rails5/tenderscout-api/spec/requests/marketplace/marketplace_tender_award_criteria_spec.rb": [
        1,
        null,
        1,
        1,
        1,
        1,
        0,
        null,
        null,
        null
      ],
      "/Users/felix/rails/braincode/rails5/tenderscout-api/spec/routing/v1/marketplace/bid_no_bid_answers_routing_spec.rb": [
        1,
        null,
        1,
        1,
        1,
        1,
        null,
        null,
        1,
        1,
        null,
        null,
        null,
        1,
        1,
        null,
        null,
        1,
        1,
        null,
        null,
        1,
        1,
        null,
        null,
        1,
        1,
        null,
        null,
        null
      ],
      "/Users/felix/rails/braincode/rails5/tenderscout-api/spec/routing/v1/marketplace/bid_no_bid_questions_routing_spec.rb": [
        1,
        null,
        1,
        1,
        1,
        1,
        null,
        null,
        1,
        1,
        null,
        null,
        null,
        1,
        1,
        null,
        null,
        1,
        1,
        null,
        null,
        1,
        1,
        null,
        null,
        1,
        1,
        null,
        null,
        null
      ],
      "/Users/felix/rails/braincode/rails5/tenderscout-api/spec/routing/v1/marketplace/compete/bid_no_bid_answers_routing_spec.rb": [
        1,
        null,
        1,
        1,
        1,
        1,
        null,
        null,
        1,
        1,
        null,
        null,
        null,
        1,
        1,
        null,
        null,
        1,
        1,
        null,
        null,
        1,
        1,
        null,
        null,
        1,
        1,
        null,
        null,
        null
      ],
      "/Users/felix/rails/braincode/rails5/tenderscout-api/app/controllers/v1/marketplace/compete/bid_no_bid_answers_controller.rb": [
        1,
        1,
        1,
        null,
        1,
        0,
        null,
        0,
        null,
        null,
        null,
        1,
        0,
        null,
        null,
        null,
        1,
        0,
        null,
        0,
        0,
        null,
        0,
        null,
        null,
        null,
        null,
        1,
        0,
        0,
        null,
        0,
        null,
        null,
        null,
        null,
        1,
        0,
        null,
        null,
        1,
        1,
        0,
        null,
        null,
        1,
        0,
        null,
        null,
        null,
        1,
        0,
        null,
        null
      ],
      "/Users/felix/rails/braincode/rails5/tenderscout-api/spec/routing/v1/marketplace/tender_award_criteria_routing_spec.rb": [
        1,
        null,
        1,
        1,
        1,
        1,
        null,
        null,
        1,
        1,
        null,
        null,
        null,
        1,
        1,
        null,
        null,
        1,
        1,
        null,
        null,
        1,
        1,
        null,
        null,
        1,
        1,
        null,
        null,
        null
      ],
      "/Users/felix/rails/braincode/rails5/tenderscout-api/spec/routing/v1/marketplace/tender_award_criteria_sections_routing_spec.rb": [
        1,
        null,
        1,
        1,
        1,
        1,
        null,
        null,
        1,
        1,
        null,
        null,
        null,
        1,
        1,
        null,
        null,
        1,
        1,
        null,
        null,
        1,
        1,
        null,
        null,
        1,
        1,
        null,
        null,
        null
      ],
      "/Users/felix/rails/braincode/rails5/tenderscout-api/app/models/industry.rb": [
        1,
        1,
        null
      ],
      "/Users/felix/rails/braincode/rails5/tenderscout-api/app/interactors/sign_up_process.rb": [
        1,
        1,
        null,
        1,
        2,
        null,
        null,
        null,
        null,
        null,
        null,
        null,
        null,
        null,
        null,
        null,
        2,
        null,
        null
      ],
      "/Users/felix/rails/braincode/rails5/tenderscout-api/app/mailers/custom_postmark_mailer.rb": [
        1,
        1,
        4,
        null,
        null,
        null,
        null,
        null,
        null,
        null
      ],
      "/Users/felix/rails/braincode/rails5/tenderscout-api/app/interactors/sign_up_request.rb": [
        1,
        1,
        null,
        1,
        2,
        2,
        0,
        null,
        null,
        2,
        2,
        0,
        null,
        null,
        2,
        2,
        2,
        2,
        null,
        2,
        null,
        2,
        null,
        null,
        null,
        null,
        null,
        null,
        null,
        null,
        null,
        null,
        null,
        2,
        null,
        null,
        1,
        null,
        1,
        6,
        null,
        null,
        null,
        null,
        null,
        null,
        null,
        null,
        null
      ],
      "/Users/felix/rails/braincode/rails5/tenderscout-api/app/serializers/search_monitor_serializer.rb": [
        1,
        1,
        12,
        null,
        1,
        11,
        null,
        null
      ],
      "/Users/felix/rails/braincode/rails5/tenderscout-api/app/models/core/document.rb": [
        1,
        1,
        1,
        null,
        1,
        null,
        null,
        null,
        null,
        0,
        null,
        null
      ],
      "/Users/felix/rails/braincode/rails5/tenderscout-api/app/models/core/additional_information.rb": [
        1,
        1,
        1,
        null,
        1,
        null,
        null,
        null,
        null,
        0,
        null,
        null
      ],
      "/Users/felix/rails/braincode/rails5/tenderscout-api/app/models/core/award.rb": [
        1,
        1,
        1,
        1,
        null,
        1,
        null,
        null,
        null,
        null,
        0,
        null,
        null
      ],
      "/Users/felix/rails/braincode/rails5/tenderscout-api/app/models/marketplace/tender_committee.rb": [
        1,
        1,
        1,
        null,
        1,
        null
      ],
      "/Users/felix/rails/braincode/rails5/tenderscout-api/app/models/core/tender_contact.rb": [
        1,
        1,
        1,
        1,
        null
      ],
      "/Users/felix/rails/braincode/rails5/tenderscout-api/app/models/core/tender_cpv.rb": [
        1,
        1,
        1,
        1,
        null
      ],
      "/Users/felix/rails/braincode/rails5/tenderscout-api/app/models/core/tender_ngip.rb": [
        1,
        1,
        1,
        1,
        null
      ],
      "/Users/felix/rails/braincode/rails5/tenderscout-api/app/models/core/tender_category.rb": [
        1,
        1,
        1,
        1,
        null
      ],
      "/Users/felix/rails/braincode/rails5/tenderscout-api/app/models/core/tender_nhs_e_class.rb": [
        1,
        1,
        1,
        1,
        null
      ],
      "/Users/felix/rails/braincode/rails5/tenderscout-api/app/models/core/tender_pro_class.rb": [
        1,
        1,
        1,
        1,
        null
      ],
      "/Users/felix/rails/braincode/rails5/tenderscout-api/app/models/core/tender_naics.rb": [
        1,
        1,
        1,
        1,
        null
      ],
      "/Users/felix/rails/braincode/rails5/tenderscout-api/app/models/core/contact.rb": [
        1,
        1,
        1,
        1,
        null,
        1,
        null,
        null,
        null,
        null,
        0,
        null,
        null
      ],
      "/Users/felix/rails/braincode/rails5/tenderscout-api/app/models/core/cpv.rb": [
        1,
        1,
        null,
        1,
        1,
        null,
        1,
        null,
        null,
        0,
        null,
        null,
        1,
        0,
        null,
        null
      ],
      "/Users/felix/rails/braincode/rails5/tenderscout-api/app/models/core/naics.rb": [
        1,
        1,
        1,
        1,
        null,
        1,
        null,
        null,
        0,
        null,
        null,
        1,
        0,
        null,
        null
      ],
      "/Users/felix/rails/braincode/rails5/tenderscout-api/app/models/core/ngip.rb": [
        1,
        1,
        1,
        1,
        null,
        1,
        null,
        null,
        0,
        null,
        null,
        1,
        0,
        null,
        null
      ],
      "/Users/felix/rails/braincode/rails5/tenderscout-api/app/models/core/tender_unspsc.rb": [
        1,
        1,
        1,
        1,
        null
      ],
      "/Users/felix/rails/braincode/rails5/tenderscout-api/app/models/core/tender_gsin.rb": [
        1,
        1,
        1,
        1,
        null
      ],
      "/Users/felix/rails/braincode/rails5/tenderscout-api/app/models/core/gsin.rb": [
        1,
        1,
        1,
        1,
        null,
        1,
        null,
        null,
        0,
        null,
        null,
        1,
        0,
        null,
        null
      ],
      "/Users/felix/rails/braincode/rails5/tenderscout-api/app/models/core/category.rb": [
        1,
        1,
        1,
        1,
        null,
        1,
        null,
        null,
        0,
        null,
        null
      ],
      "/Users/felix/rails/braincode/rails5/tenderscout-api/app/models/core/nhs_e_class.rb": [
        1,
        1,
        1,
        1,
        null,
        1,
        null,
        null,
        0,
        null,
        null,
        1,
        0,
        null,
        null
      ],
      "/Users/felix/rails/braincode/rails5/tenderscout-api/app/models/core/pro_class.rb": [
        1,
        1,
        1,
        1,
        null,
        1,
        null,
        null,
        0,
        null,
        null,
        1,
        0,
        null,
        null
      ],
      "/Users/felix/rails/braincode/rails5/tenderscout-api/app/models/core/organization.rb": [
        1,
        1,
        1,
        1,
        null,
        1,
        null,
        null,
        null,
        0,
        null,
        null,
        1,
        0,
        null,
        null,
        null
      ],
      "/Users/felix/rails/braincode/rails5/tenderscout-api/app/models/core/procedure.rb": [
        1,
        1,
        null,
        1,
        null,
        1,
        null,
        null,
        0,
        null,
        null
      ],
      "/Users/felix/rails/braincode/rails5/tenderscout-api/app/models/core/classification_code.rb": [
        1,
        1,
        1,
        null,
        1,
        0,
        null,
        null,
        1,
        null,
        null,
        null,
        0,
        null,
        null
      ],
      "/Users/felix/rails/braincode/rails5/tenderscout-api/app/models/profile.rb": [
        1,
        1,
        1,
        1,
        null,
        1,
        1,
        1,
        null,
        1,
        1,
        1,
        null,
        1,
        null,
        1,
        1,
        null,
        1,
        1,
        null,
        1,
        null,
        1,
        0,
        null,
        null,
        1,
        1,
        0,
        null,
        null
      ],
      "/Users/felix/rails/braincode/rails5/tenderscout-api/app/uploaders/avatar_uploader.rb": [
        1,
        null,
        null,
        null,
        1,
        null,
        null,
        1,
        null,
        null,
        null,
        null,
        1,
        0,
        null,
        null,
        null,
        null,
        null,
        null,
        null,
        null,
        null,
        null,
        null,
        null,
        null,
        null,
        null,
        null,
        null,
        1,
        null,
        null,
        1,
        1,
        null,
        null,
        null,
        null,
        1,
        0,
        null,
        null,
        null,
        null,
        null,
        null,
        null,
        null,
        null
      ],
      "/Users/felix/rails/braincode/rails5/tenderscout-api/app/uploaders/cover_img_uploader.rb": [
        1,
        null,
        null,
        null,
        null,
        null,
        null,
        1,
        null,
        null,
        null,
        null,
        1,
        0,
        null,
        null,
        null,
        null,
        null,
        null,
        null,
        null,
        null,
        null,
        null,
        null,
        null,
        null,
        null,
        null,
        null,
        1,
        null,
        null,
        null,
        null,
        null,
        null,
        null,
        null,
        1,
        0,
        null,
        null,
        null,
        null,
        null,
        null,
        null,
        null,
        null
      ]
    },
    "timestamp": 1537962820
  }
}
